<?xml version="1.0" encoding="UTF-8" ?>
<testsuite tests="8" failures="0" name="Runner.RunnerTest" time="0.07" errors="0" skipped="8">
  <properties>
    <property name="java.runtime.name" value="Java(TM) SE Runtime Environment"/>
    <property name="java.vm.version" value="19.0.1+10-21"/>
    <property name="sun.boot.library.path" value="C:\Program Files\Java\jdk-19\bin"/>
    <property name="maven.multiModuleProjectDirectory" value="C:\MeusProjetos\Cenarios"/>
    <property name="java.vm.vendor" value="Oracle Corporation"/>
    <property name="java.vendor.url" value="https://java.oracle.com/"/>
    <property name="guice.disable.misplaced.annotation.check" value="true"/>
    <property name="path.separator" value=";"/>
    <property name="java.vm.name" value="Java HotSpot(TM) 64-Bit Server VM"/>
    <property name="sun.os.patch.level" value=""/>
    <property name="user.script" value=""/>
    <property name="user.country" value="BR"/>
    <property name="sun.java.launcher" value="SUN_STANDARD"/>
    <property name="java.vm.specification.name" value="Java Virtual Machine Specification"/>
    <property name="user.dir" value="C:\MeusProjetos\Cenarios"/>
    <property name="java.vm.compressedOopsMode" value="Zero based"/>
    <property name="java.runtime.version" value="19.0.1+10-21"/>
    <property name="os.arch" value="amd64"/>
    <property name="java.io.tmpdir" value="C:\Users\Lucas\AppData\Local\Temp\"/>
    <property name="line.separator" value="
"/>
    <property name="java.vm.specification.vendor" value="Oracle Corporation"/>
    <property name="user.variant" value=""/>
    <property name="stderr.encoding" value="cp850"/>
    <property name="os.name" value="Windows 11"/>
    <property name="classworlds.conf" value="C:\apache-maven-3.8.6\bin\m2.conf"/>
    <property name="sun.jnu.encoding" value="Cp1252"/>
    <property name="stdout.encoding" value="cp850"/>
    <property name="java.library.path" value="C:\Program Files\Java\jdk-19\bin;C:\Windows\Sun\Java\bin;C:\Windows\system32;C:\Windows;C:\Program Files\Common Files\Oracle\Java\javapath;C:\Windows\system32;C:\Windows;C:\Windows\System32\Wbem;C:\Windows\System32\WindowsPowerShell\v1.0\;C:\Windows\System32\OpenSSH\;C:\Program Files\dotnet\;C:\Program Files (x86)\NVIDIA Corporation\PhysX\Common;C:\Program Files\NVIDIA Corporation\NVIDIA NvDLISR;C:\Program Files\Microsoft SQL Server\150\Tools\Binn\;C:\ProgramData\chocolatey\bin;C:\Program Files (x86)\Windows Kits\10\Windows Performance Toolkit\;C:\Program Files\nodejs\;C:\Program Files\Git\cmd;C:\Program Files\Microsoft SQL Server\Client SDK\ODBC\170\Tools\Binn\;C:\Users\Lucas\AppData\Local\Programs\Python\Python311\Scripts\;C:\Users\Lucas\AppData\Local\Programs\Python\Python311\;C:\Users\Lucas\AppData\Local\Programs\Python\Launcher\;C:\Users\Lucas\AppData\Local\Microsoft\WindowsApps;C:\Program Files\JetBrains\IntelliJ IDEA Community Edition 2022.2.4\bin;;C:\Program Files\Java\jdk-19\bin;C:\apache-maven-3.8.6\bin;C:\Users\Lucas\AppData\Local\Programs\Microsoft VS Code\bin;C:\Users\Lucas\AppData\Local\Programs\Python\Python311;C:\Users\Lucas\AppData\Local\Programs\Python\Python311\Scripts;C:\Users\Lucas\AppData\Roaming\npm;C:\Users\Lucas\.dotnet\tools;."/>
    <property name="maven.conf" value="C:\apache-maven-3.8.6/conf"/>
    <property name="jdk.debug" value="release"/>
    <property name="java.class.version" value="63.0"/>
    <property name="java.specification.name" value="Java Platform API Specification"/>
    <property name="sun.management.compiler" value="HotSpot 64-Bit Tiered Compilers"/>
    <property name="os.version" value="10.0"/>
    <property name="library.jansi.path" value="C:\apache-maven-3.8.6\lib\jansi-native"/>
    <property name="user.home" value="C:\Users\Lucas"/>
    <property name="user.timezone" value="America/Sao_Paulo"/>
    <property name="file.encoding" value="UTF-8"/>
    <property name="java.specification.version" value="19"/>
    <property name="user.name" value="Lucas"/>
    <property name="java.class.path" value="C:\apache-maven-3.8.6\boot\plexus-classworlds-2.6.0.jar"/>
    <property name="java.vm.specification.version" value="19"/>
    <property name="sun.arch.data.model" value="64"/>
    <property name="sun.java.command" value="org.codehaus.plexus.classworlds.launcher.Launcher test"/>
    <property name="java.home" value="C:\Program Files\Java\jdk-19"/>
    <property name="user.language" value="pt"/>
    <property name="java.specification.vendor" value="Oracle Corporation"/>
    <property name="java.vm.info" value="mixed mode, sharing"/>
    <property name="java.version" value="19.0.1"/>
    <property name="native.encoding" value="Cp1252"/>
    <property name="java.vendor" value="Oracle Corporation"/>
    <property name="maven.home" value="C:\apache-maven-3.8.6"/>
    <property name="file.separator" value="\"/>
    <property name="java.version.date" value="2022-10-18"/>
    <property name="java.vendor.url.bug" value="https://bugreport.java.com/bugreport/"/>
    <property name="sun.io.unicode.encoding" value="UnicodeLittle"/>
    <property name="sun.cpu.endian" value="little"/>
    <property name="sun.cpu.isalist" value="amd64"/>
  </properties>
  <testcase classname="Aprender Cucumber" name="Deve criar steps genéricos para estes passos" time="0.046">
    <skipped/>
    <system-out>@cenarios
Funcionalidade: Aprender Cucumber

  @cenarios @Controle1
  Cenário: Deve criar steps genéricos para estes passos &amp;#27;[90m# /C:/MeusProjetos/Cenarios/src/test/resources/features/Cenarios.feature:6&amp;#27;[0m
    &amp;#27;[33mDado &amp;#27;[0m&amp;#27;[33mque o ticket é AF345&amp;#27;[0m                           &amp;#27;[90m# null&amp;#27;[0m
    &amp;#27;[36mE &amp;#27;[0m&amp;#27;[36mque o valor da passagem é R$ &amp;#27;[0m&amp;#27;[36m&amp;#27;[1m230&amp;#27;[0m&amp;#27;[36m,&amp;#27;[0m&amp;#27;[36m&amp;#27;[1m45&amp;#27;[0m               &amp;#27;[90m# Generico.queOValorDaPassagemÉR$(int,int)&amp;#27;[0m
    &amp;#27;[36mE &amp;#27;[0m&amp;#27;[36mque o nome do passageiro é &quot;&amp;#27;[0m&amp;#27;[36m&amp;#27;[1mFulano da Silva&amp;#27;[0m&amp;#27;[36m&quot;&amp;#27;[0m      &amp;#27;[90m# Generico.queONomeDoPassageiroÉ(String)&amp;#27;[0m
    &amp;#27;[36mE &amp;#27;[0m&amp;#27;[36mque o telefone do passageiro é &amp;#27;[0m&amp;#27;[36m&amp;#27;[1m9999&amp;#27;[0m&amp;#27;[36m-&amp;#27;[0m&amp;#27;[36m&amp;#27;[1m9999&amp;#27;[0m          &amp;#27;[90m# Generico.queOTelefoneDoPassageiroÉ(String)&amp;#27;[0m
    &amp;#27;[36mQuando &amp;#27;[0m&amp;#27;[36mcriar os steps&amp;#27;[0m                               &amp;#27;[90m# Generico.criarOsSteps()&amp;#27;[0m
    &amp;#27;[36mEntão &amp;#27;[0m&amp;#27;[36mo teste vai funcionar&amp;#27;[0m                         &amp;#27;[90m# Generico.oTesteVaiFuncionar()&amp;#27;[0m
</system-out>
  </testcase>
  <testcase classname="Aprender Cucumber" name="Deve reaproveitar os steps &quot;Dado&quot; do cenário anterior" time="0.006">
    <skipped/>
    <system-out>
  @cenarios @clone
  Cenário: Deve reaproveitar os steps &quot;Dado&quot; do cenário anterior &amp;#27;[90m# /C:/MeusProjetos/Cenarios/src/test/resources/features/Cenarios.feature:15&amp;#27;[0m
    &amp;#27;[33mDado &amp;#27;[0m&amp;#27;[33mque o ticket é AB167&amp;#27;[0m                                    &amp;#27;[90m# null&amp;#27;[0m
    &amp;#27;[36mDado &amp;#27;[0m&amp;#27;[36mque o ticket &amp;#27;[0m&amp;#27;[36m&amp;#27;[1mespecial&amp;#27;[0m&amp;#27;[36m é &amp;#27;[0m&amp;#27;[36m&amp;#27;[1mAB167&amp;#27;[0m                           &amp;#27;[90m# Generico.queOTicketÉAF(String,String)&amp;#27;[0m
    &amp;#27;[36mDado &amp;#27;[0m&amp;#27;[36mque o valor da passagem é R$ &amp;#27;[0m&amp;#27;[36m&amp;#27;[1m1120&amp;#27;[0m&amp;#27;[36m,&amp;#27;[0m&amp;#27;[36m&amp;#27;[1m23&amp;#27;[0m                    &amp;#27;[90m# Generico.queOValorDaPassagemÉR$(int,int)&amp;#27;[0m
    &amp;#27;[36mDado &amp;#27;[0m&amp;#27;[36mque o nome do passageiro é &quot;&amp;#27;[0m&amp;#27;[36m&amp;#27;[1mCicrano de Oliveira&amp;#27;[0m&amp;#27;[36m&quot;&amp;#27;[0m        &amp;#27;[90m# Generico.queONomeDoPassageiroÉ(String)&amp;#27;[0m
    &amp;#27;[36mDado &amp;#27;[0m&amp;#27;[36mque o telefone do passageiro é &amp;#27;[0m&amp;#27;[36m&amp;#27;[1m9888&amp;#27;[0m&amp;#27;[36m-&amp;#27;[0m&amp;#27;[36m&amp;#27;[1m8888&amp;#27;[0m                &amp;#27;[90m# Generico.queOTelefoneDoPassageiroÉ(String)&amp;#27;[0m
</system-out>
  </testcase>
  <testcase classname="Aprender Cucumber" name="Deve negar todos os steps &quot;Dado&quot; dos cenários anteriores" time="0.003">
    <skipped/>
    <system-out>
  @cenarios @Negacao
  Cenário: Deve negar todos os steps &quot;Dado&quot; dos cenários anteriores             &amp;#27;[90m# /C:/MeusProjetos/Cenarios/src/test/resources/features/Cenarios.feature:23&amp;#27;[0m
    &amp;#27;[33mDado &amp;#27;[0m&amp;#27;[33mque o ticket é CD123&amp;#27;[0m                                                   &amp;#27;[90m# null&amp;#27;[0m
    &amp;#27;[33mDado &amp;#27;[0m&amp;#27;[33mque o ticket é AG1234&amp;#27;[0m                                                  &amp;#27;[90m# null&amp;#27;[0m
    &amp;#27;[33mDado &amp;#27;[0m&amp;#27;[33mque o valor da passagem é R$ 1.1345,56&amp;#27;[0m                                 &amp;#27;[90m# null&amp;#27;[0m
    &amp;#27;[33mDado &amp;#27;[0m&amp;#27;[33mque o nome do passageiro é &quot;Beltrano Souza Matos de Alcântara Azevedo&quot;&amp;#27;[0m &amp;#27;[90m# null&amp;#27;[0m
    &amp;#27;[33mDado &amp;#27;[0m&amp;#27;[33mque o telefone do passageiro é 1234-5678&amp;#27;[0m                               &amp;#27;[90m# null&amp;#27;[0m
    &amp;#27;[33mDado &amp;#27;[0m&amp;#27;[33mque o telefone do passageiro é 999-2223&amp;#27;[0m                                &amp;#27;[90m# null&amp;#27;[0m
</system-out>
  </testcase>
  <testcase classname="Aprender Cucumber" name="Deve negar todos os steps &quot;Dado&quot; dos cenários anteriores" time="0.003">
    <skipped/>
  </testcase>
  <testcase classname="Aprender Cucumber" name="Deve negar todos os steps &quot;Dado&quot; dos cenários anteriores" time="0.003">
    <skipped/>
  </testcase>
  <testcase classname="Aprender Cucumber" name="Deve negar todos os steps &quot;Dado&quot; dos cenários anteriores" time="0.003">
    <skipped/>
  </testcase>
  <testcase classname="Aprender Cucumber" name="Deve negar todos os steps &quot;Dado&quot; dos cenários anteriores" time="0.003">
    <skipped/>
  </testcase>
  <testcase classname="Aprender Cucumber" name="Deve negar todos os steps &quot;Dado&quot; dos cenários anteriores" time="0.003">
    <skipped/>
  </testcase>
</testsuite>